<?xml version="1.0" encoding="UTF-8"?>
<!-- Generated by org.testng.reporters.JUnitReportReporter -->
<testsuite hostname="KesavaReddy-PC" name="myPack.FacebookTest" tests="1" failures="0" timestamp="27 Jun 2017 15:23:18 GMT" time="0.019" errors="0">
  <testcase name="facebookLoginTest1" time="0.019" classname="myPack.FacebookTest"/>
</testsuite> <!-- myPack.FacebookTest -->
